<testsuites id="" name="" tests="3" failures="0" skipped="0" errors="0" time="0.938951">
<testsuite name="API_Test.spec.js" timestamp="2025-03-22T05:02:01.046Z" hostname="chromium" tests="1" failures="0" skipped="0" time="0.128" errors="0">
<testcase name="Demo Api test : Get" classname="API_Test.spec.js" time="0.128">
</testcase>
</testsuite>
<testsuite name="API_Test.spec.js" timestamp="2025-03-22T05:02:01.046Z" hostname="firefox" tests="1" failures="0" skipped="0" time="0.144" errors="0">
<testcase name="Demo Api test : Get" classname="API_Test.spec.js" time="0.144">
</testcase>
</testsuite>
<testsuite name="API_Test.spec.js" timestamp="2025-03-22T05:02:01.046Z" hostname="webkit" tests="1" failures="0" skipped="0" time="0.107" errors="0">
<testcase name="Demo Api test : Get" classname="API_Test.spec.js" time="0.107">
</testcase>
</testsuite>
</testsuites>